<?xml version="1.0" encoding="UTF-8"?>
<testng-results ignored="0" total="1" passed="1" failed="0" skipped="0">
  <reporter-output>
  </reporter-output>
  <suite started-at="2025-07-14T15:49:40 IST" name="Default suite" finished-at="2025-07-14T15:49:46 IST" duration-ms="5642">
    <groups>
    </groups>
    <test started-at="2025-07-14T15:49:40 IST" name="Default test" finished-at="2025-07-14T15:49:46 IST" duration-ms="5642">
      <class name="ScreenShot.TakeScreenshotOfElement">
        <test-method signature="f1()[pri:0, instance:ScreenShot.TakeScreenshotOfElement@5dcb4f5f]" started-at="2025-07-14T15:49:41 IST" name="f1" finished-at="2025-07-14T15:49:46 IST" duration-ms="5599" status="PASS">
          <reporter-output>
          </reporter-output>
        </test-method> <!-- f1 -->
      </class> <!-- ScreenShot.TakeScreenshotOfElement -->
    </test> <!-- Default test -->
  </suite> <!-- Default suite -->
</testng-results>
