<?xml version="1.0" encoding="UTF-8"?>
<testng-results ignored="0" total="1" passed="1" failed="0" skipped="0">
  <reporter-output>
  </reporter-output>
  <suite started-at="2025-07-14T14:37:53 IST" name="Default suite" finished-at="2025-07-14T14:37:58 IST" duration-ms="4798">
    <groups>
    </groups>
    <test started-at="2025-07-14T14:37:53 IST" name="Default test" finished-at="2025-07-14T14:37:58 IST" duration-ms="4798">
      <class name="ScreenShot.ScreenShot">
        <test-method signature="a1()[pri:0, instance:ScreenShot.ScreenShot@5d12a356]" started-at="2025-07-14T14:37:53 IST" name="a1" finished-at="2025-07-14T14:37:58 IST" duration-ms="4615" status="PASS">
          <reporter-output>
          </reporter-output>
        </test-method> <!-- a1 -->
        <test-method is-config="true" signature="a2()[pri:0, instance:ScreenShot.ScreenShot@5d12a356]" started-at="2025-07-14T14:37:58 IST" name="a2" finished-at="2025-07-14T14:37:58 IST" duration-ms="158" status="PASS">
          <reporter-output>
          </reporter-output>
        </test-method> <!-- a2 -->
      </class> <!-- ScreenShot.ScreenShot -->
    </test> <!-- Default test -->
  </suite> <!-- Default suite -->
</testng-results>
